<?xml version="1.0" encoding="UTF-8"?>
<!-- Generated by org.testng.reporters.JUnitReportReporter -->
<testsuite hostname="LAPTOP-7RM6SAN7" name="com.krishna.start" tests="1" failures="0" timestamp="30 Jun 2019 01:58:43 GMT" time="0.021" errors="0">
  <testcase name="starr" time="0.021" classname="com.krishna.start"/>
</testsuite> <!-- com.krishna.start -->
